<?xml version="1.0" encoding="UTF-8"?>
<!-- Generated by org.testng.reporters.JUnitXMLReporter -->
<testsuite hostname="mellCND82244NH" failures="0" tests="4" name="Test" time="61.169" errors="0" timestamp="1 Apr 2019 23:04:34 GMT">
  <testcase classname="testCases.ValidateTitleTest" name="homePageText" time="0.065"/>
  <testcase classname="testCases.ValidateNavigationBarTest" name="validateNavigation" time="0.08"/>
  <testcase classname="testCases.LoginTest" name="basePageNavigation" time="21.76"/>
  <testcase classname="testCases.LoginTest" name="basePageNavigation" time="9.034"/>
</testsuite> <!-- Test -->
